<?xml version="1.0" encoding="UTF-8"?>
<!-- Generated by org.testng.reporters.JUnitReportReporter -->
<testsuite hostname="DESKTOP-G16KJF8" failures="0" tests="1" name="org.oniesoft.tests.LoginTest" time="1.498" errors="0" timestamp="2024-07-10T16:32:55 IST" skipped="0">
  <testcase classname="org.oniesoft.tests.LoginTest" name="testLoginWithInvalidCreds" time="1.498"/>
</testsuite> <!-- org.oniesoft.tests.LoginTest -->
