<?xml version="1.0" encoding="UTF-8"?>
<!-- Generated by org.testng.reporters.JUnitReportReporter -->
<testsuite hostname="DESKTOP-G16KJF8" failures="0" tests="1" name="org.oniesoft.tests.ProductsTest" time="17.017" errors="0" timestamp="2024-07-15T21:12:53 IST" skipped="0">
  <testcase classname="org.oniesoft.tests.ProductsTest" name="addAttributeInProductsWithValidDate" time="17.017"/>
</testsuite> <!-- org.oniesoft.tests.ProductsTest -->
