<?xml version="1.0" encoding="UTF-8"?>
<!-- Generated by org.testng.reporters.JUnitReportReporter -->
<testsuite hostname="DESKTOP-G16KJF8" failures="0" tests="1" name="org.oniesoft.tests.ProductTest" time="11.826" errors="0" timestamp="2024-07-19T12:00:28 IST" skipped="0">
  <testcase classname="org.oniesoft.tests.ProductTest" name="AddProductWithValidData" time="11.826"/>
</testsuite> <!-- org.oniesoft.tests.ProductTest -->
