<?xml version="1.0" encoding="UTF-8"?>
<!-- Generated by org.testng.reporters.JUnitReportReporter -->
<testsuite hostname="DESKTOP-G16KJF8" failures="0" tests="1" name="org.oniesoft.tests.SellerTest" time="12.721" errors="0" timestamp="2024-07-15T21:13:09 IST" skipped="0">
  <testcase classname="org.oniesoft.tests.SellerTest" name="verifySellerDetailsWithValidData" time="12.721"/>
</testsuite> <!-- org.oniesoft.tests.SellerTest -->
