<?xml version="1.0" encoding="UTF-8"?>
<!-- Generated by org.testng.reporters.JUnitReportReporter -->
<testsuite hostname="DESKTOP-G16KJF8" failures="0" tests="1" name="org.oniesoft.tests.OrderTest" time="9.391" errors="0" timestamp="2024-07-15T15:10:16 IST" skipped="0">
  <testcase classname="org.oniesoft.tests.OrderTest" name="DeliveredOrderWithValidData" time="9.391"/>
</testsuite> <!-- org.oniesoft.tests.OrderTest -->
